<?xml version="1.0" encoding="UTF-8"?>
<testsuite xmlns:xsi="http://www.w3.org/2001/XMLSchema-instance" xsi:noNamespaceSchemaLocation="https://maven.apache.org/surefire/maven-surefire-plugin/xsd/surefire-test-report-3.0.xsd" version="3.0" name="exercises.Exercise1Test" time="5.321" tests="2" errors="0" skipped="0" failures="0">
  <properties>
[...]
</properties>
  <testcase name="testNoMisuse" classname="exercises.Exercise1Test" time="2.658"/>
  <testcase name="testMisuse" classname="exercises.Exercise1Test" time="2.654">
    <system-err><![CDATA[Vulnerability found in method <target.exercise1.Misuse: void test()> at aesChipher = staticinvoke <javax.crypto.Cipher: javax.crypto.Cipher getInstance(java.lang.String)>("AES")
]]></system-err>
  </testcase>
</testsuite>