<?xml version="1.0" encoding="UTF-8"?>
<testsuite xmlns:xsi="http://www.w3.org/2001/XMLSchema-instance" xsi:noNamespaceSchemaLocation="https://maven.apache.org/surefire/maven-surefire-plugin/xsd/surefire-test-report-3.0.xsd" version="3.0" name="exercises.Exercise2Test" time="13.012" tests="4" errors="0" skipped="0" failures="0">
  <properties>
[...]
</properties>
  <testcase name="testFileNotClosedAliasing" classname="exercises.Exercise2Test" time="4.218">
    <system-out><![CDATA[Method: <target.exercise2.FileNotClosedAliasing: void <init>()>
	 In Fact: []
	    Stmt: this := @this: target.exercise2.FileNotClosedAliasing
	Out Fact: []

	 In Fact: []
	    Stmt: specialinvoke this.<java.lang.Object: void <init>()>()
	Out Fact: []

	 In Fact: []
	    Stmt: return
	Out Fact: []

Method: <target.exercise2.FileNotClosedAliasing: void test1()>
	 In Fact: []
	    Stmt: this := @this: target.exercise2.FileNotClosedAliasing
	Out Fact: []

	 In Fact: []
	    Stmt: $stack3 = new target.exercise2.File
	Out Fact: []

	 In Fact: []
	    Stmt: specialinvoke $stack3.<target.exercise2.File: void <init>()>()
	Out Fact: [([$stack3], Init)]

	 In Fact: [([$stack3], Init)]
	    Stmt: virtualinvoke $stack3.<target.exercise2.File: void open()>()
	Out Fact: [([$stack3], Open)]

	 In Fact: [([$stack3], Open)]
	    Stmt: return
	Out Fact: [([$stack3], Open)]

Method: <target.exercise2.FileNotClosedAliasing: void test2()>
	 In Fact: []
	    Stmt: this := @this: target.exercise2.FileNotClosedAliasing
	Out Fact: []

	 In Fact: []
	    Stmt: $stack2 = new target.exercise2.File
	Out Fact: []

	 In Fact: []
	    Stmt: specialinvoke $stack2.<target.exercise2.File: void <init>()>()
	Out Fact: [([$stack2], Init)]

	 In Fact: [([<target.exercise2.FileNotClosedAliasing: target.exercise2.File staticFile>, $stack2], Init)]
	    Stmt: <target.exercise2.FileNotClosedAliasing: target.exercise2.File staticFile> = $stack2
	Out Fact: [([<target.exercise2.FileNotClosedAliasing: target.exercise2.File staticFile>, $stack2], Init)]

	 In Fact: [([file, <target.exercise2.FileNotClosedAliasing: target.exercise2.File staticFile>, $stack2], Init)]
	    Stmt: file = <target.exercise2.FileNotClosedAliasing: target.exercise2.File staticFile>
	Out Fact: [([file, <target.exercise2.FileNotClosedAliasing: target.exercise2.File staticFile>, $stack2], Init)]

	 In Fact: [([file, <target.exercise2.FileNotClosedAliasing: target.exercise2.File staticFile>, $stack2], Init)]
	    Stmt: virtualinvoke file.<target.exercise2.File: void open()>()
	Out Fact: [([file, <target.exercise2.FileNotClosedAliasing: target.exercise2.File staticFile>, $stack2], Open)]

	 In Fact: [([file, <target.exercise2.FileNotClosedAliasing: target.exercise2.File staticFile>, $stack2], Open)]
	    Stmt: return
	Out Fact: [([file, <target.exercise2.FileNotClosedAliasing: target.exercise2.File staticFile>, $stack2], Open)]

Method: <target.exercise2.FileNotClosedAliasing: void test3()>
	 In Fact: []
	    Stmt: this := @this: target.exercise2.FileNotClosedAliasing
	Out Fact: []

	 In Fact: []
	    Stmt: $stack2 = new target.exercise2.File
	Out Fact: []

	 In Fact: []
	    Stmt: specialinvoke $stack2.<target.exercise2.File: void <init>()>()
	Out Fact: [([$stack2], Init)]

	 In Fact: [([<target.exercise2.FileNotClosedAliasing: target.exercise2.File staticFile>, $stack2], Init)]
	    Stmt: <target.exercise2.FileNotClosedAliasing: target.exercise2.File staticFile> = $stack2
	Out Fact: [([<target.exercise2.FileNotClosedAliasing: target.exercise2.File staticFile>, $stack2], Init)]

	 In Fact: [([<target.exercise2.FileNotClosedAliasing: target.exercise2.File staticFile>, $stack2, $stack3], Init)]
	    Stmt: $stack3 = <target.exercise2.FileNotClosedAliasing: target.exercise2.File staticFile>
	Out Fact: [([<target.exercise2.FileNotClosedAliasing: target.exercise2.File staticFile>, $stack2, $stack3], Init)]

	 In Fact: [([<target.exercise2.FileNotClosedAliasing: target.exercise2.File staticFile>, $stack2, $stack3], Init)]
	    Stmt: virtualinvoke $stack3.<target.exercise2.File: void open()>()
	Out Fact: [([<target.exercise2.FileNotClosedAliasing: target.exercise2.File staticFile>, $stack2, $stack3], Open)]

	 In Fact: [([<target.exercise2.FileNotClosedAliasing: target.exercise2.File staticFile>, $stack2, $stack3], Open)]
	    Stmt: return
	Out Fact: [([<target.exercise2.FileNotClosedAliasing: target.exercise2.File staticFile>, $stack2, $stack3], Open)]

Method: <target.exercise2.FileNotClosedAliasing: void test4()>
	 In Fact: []
	    Stmt: this := @this: target.exercise2.FileNotClosedAliasing
	Out Fact: []

	 In Fact: []
	    Stmt: $stack4 = new target.exercise2.File
	Out Fact: []

	 In Fact: []
	    Stmt: specialinvoke $stack4.<target.exercise2.File: void <init>()>()
	Out Fact: [([$stack4], Init)]

	 In Fact: [([$stack4], Init)]
	    Stmt: virtualinvoke $stack4.<target.exercise2.File: void open()>()
	Out Fact: [([$stack4], Open)]

	 In Fact: [([$stack4], Open)]
	    Stmt: virtualinvoke $stack4.<target.exercise2.File: void open()>()
	Out Fact: [([$stack4], Open)]

	 In Fact: [([$stack4], Open)]
	    Stmt: virtualinvoke $stack4.<target.exercise2.File: void open()>()
	Out Fact: [([$stack4], Open)]

	 In Fact: [([$stack4], Open)]
	    Stmt: return
	Out Fact: [([$stack4], Open)]

]]></system-out>
    <system-err><![CDATA[SLF4J: Failed to load class "org.slf4j.impl.StaticLoggerBinder".
SLF4J: Defaulting to no-operation (NOP) logger implementation
SLF4J: See http://www.slf4j.org/codes.html#StaticLoggerBinder for further details.
Vulnerability found in method <target.exercise2.FileNotClosedAliasing: void test1()> at return
Vulnerability found in method <target.exercise2.FileNotClosedAliasing: void test2()> at return
Vulnerability found in method <target.exercise2.FileNotClosedAliasing: void test3()> at return
Vulnerability found in method <target.exercise2.FileNotClosedAliasing: void test4()> at return
]]></system-err>
  </testcase>
  <testcase name="testFileClosed" classname="exercises.Exercise2Test" time="3.23">
    <system-out><![CDATA[Method: <target.exercise2.FileClosed: void <init>()>
	 In Fact: []
	    Stmt: this := @this: target.exercise2.FileClosed
	Out Fact: []

	 In Fact: []
	    Stmt: specialinvoke this.<java.lang.Object: void <init>()>()
	Out Fact: []

	 In Fact: []
	    Stmt: return
	Out Fact: []

Method: <target.exercise2.FileClosed: void test1()>
	 In Fact: []
	    Stmt: this := @this: target.exercise2.FileClosed
	Out Fact: []

	 In Fact: []
	    Stmt: $stack2 = new target.exercise2.File
	Out Fact: []

	 In Fact: []
	    Stmt: specialinvoke $stack2.<target.exercise2.File: void <init>()>()
	Out Fact: [([$stack2], Init)]

	 In Fact: [([$stack2], Init)]
	    Stmt: virtualinvoke $stack2.<target.exercise2.File: void open()>()
	Out Fact: [([$stack2], Open)]

	 In Fact: [([$stack2], Open)]
	    Stmt: virtualinvoke $stack2.<target.exercise2.File: void close()>()
	Out Fact: [([$stack2], Close)]

	 In Fact: [([$stack2], Close)]
	    Stmt: return
	Out Fact: [([$stack2], Close)]

Method: <target.exercise2.FileClosed: void test2()>
	 In Fact: []
	    Stmt: this := @this: target.exercise2.FileClosed
	Out Fact: []

	 In Fact: []
	    Stmt: $stack2 = new target.exercise2.File
	Out Fact: []

	 In Fact: []
	    Stmt: specialinvoke $stack2.<target.exercise2.File: void <init>()>()
	Out Fact: [([$stack2], Init)]

	 In Fact: [([$stack2], Init)]
	    Stmt: virtualinvoke $stack2.<target.exercise2.File: void open()>()
	Out Fact: [([$stack2], Open)]

	 In Fact: [([$stack2], Open)]
	    Stmt: $stack3 = virtualinvoke $stack2.<target.exercise2.File: int size()>()
	Out Fact: [([$stack2], Open)]

	 In Fact: [([$stack2], Open)]
	    Stmt: if $stack3 <= 1024 goto virtualinvoke $stack2.<target.exercise2.File: void close()>()
	Out Fact: [([$stack2], Open)]

	 In Fact: [([$stack2], Open)]
	    Stmt: virtualinvoke $stack2.<target.exercise2.File: void close()>()
	Out Fact: [([$stack2], Close)]

	 In Fact: [([$stack2], Open)]
	    Stmt: virtualinvoke $stack2.<target.exercise2.File: void close()>()
	Out Fact: [([$stack2], Close)]

	 In Fact: [([$stack2], Close)]
	    Stmt: goto [?= return]
	Out Fact: [([$stack2], Close)]

	 In Fact: [([$stack2], Close)]
	    Stmt: return
	Out Fact: [([$stack2], Close)]

]]></system-out>
  </testcase>
  <testcase name="testFileClosedAliasing" classname="exercises.Exercise2Test" time="2.849">
    <system-out><![CDATA[Method: <target.exercise2.FileClosedAliasing: void <init>()>
	 In Fact: []
	    Stmt: this := @this: target.exercise2.FileClosedAliasing
	Out Fact: []

	 In Fact: []
	    Stmt: specialinvoke this.<java.lang.Object: void <init>()>()
	Out Fact: []

	 In Fact: []
	    Stmt: return
	Out Fact: []

Method: <target.exercise2.FileClosedAliasing: void test1()>
	 In Fact: []
	    Stmt: this := @this: target.exercise2.FileClosedAliasing
	Out Fact: []

	 In Fact: []
	    Stmt: $stack3 = new target.exercise2.File
	Out Fact: []

	 In Fact: []
	    Stmt: specialinvoke $stack3.<target.exercise2.File: void <init>()>()
	Out Fact: [([$stack3], Init)]

	 In Fact: [([$stack3], Init)]
	    Stmt: virtualinvoke $stack3.<target.exercise2.File: void open()>()
	Out Fact: [([$stack3], Open)]

	 In Fact: [([$stack3], Open)]
	    Stmt: virtualinvoke $stack3.<target.exercise2.File: void close()>()
	Out Fact: [([$stack3], Close)]

	 In Fact: [([$stack3], Close)]
	    Stmt: return
	Out Fact: [([$stack3], Close)]

Method: <target.exercise2.FileClosedAliasing: void test2()>
	 In Fact: []
	    Stmt: this := @this: target.exercise2.FileClosedAliasing
	Out Fact: []

	 In Fact: []
	    Stmt: $stack2 = new target.exercise2.File
	Out Fact: []

	 In Fact: []
	    Stmt: specialinvoke $stack2.<target.exercise2.File: void <init>()>()
	Out Fact: [([$stack2], Init)]

	 In Fact: [([$stack2, <target.exercise2.FileClosedAliasing: target.exercise2.File staticFile>], Init)]
	    Stmt: <target.exercise2.FileClosedAliasing: target.exercise2.File staticFile> = $stack2
	Out Fact: [([$stack2, <target.exercise2.FileClosedAliasing: target.exercise2.File staticFile>], Init)]

	 In Fact: [([$stack2, file, <target.exercise2.FileClosedAliasing: target.exercise2.File staticFile>], Init)]
	    Stmt: file = <target.exercise2.FileClosedAliasing: target.exercise2.File staticFile>
	Out Fact: [([$stack2, file, <target.exercise2.FileClosedAliasing: target.exercise2.File staticFile>], Init)]

	 In Fact: [([$stack2, file, <target.exercise2.FileClosedAliasing: target.exercise2.File staticFile>, $stack3], Init)]
	    Stmt: $stack3 = <target.exercise2.FileClosedAliasing: target.exercise2.File staticFile>
	Out Fact: [([$stack2, file, <target.exercise2.FileClosedAliasing: target.exercise2.File staticFile>, $stack3], Init)]

	 In Fact: [([$stack2, file, <target.exercise2.FileClosedAliasing: target.exercise2.File staticFile>, $stack3], Init)]
	    Stmt: virtualinvoke $stack3.<target.exercise2.File: void open()>()
	Out Fact: [([$stack2, file, <target.exercise2.FileClosedAliasing: target.exercise2.File staticFile>, $stack3], Open)]

	 In Fact: [([$stack2, file, <target.exercise2.FileClosedAliasing: target.exercise2.File staticFile>, $stack3], Open)]
	    Stmt: virtualinvoke file.<target.exercise2.File: void close()>()
	Out Fact: [([$stack2, file, <target.exercise2.FileClosedAliasing: target.exercise2.File staticFile>, $stack3], Close)]

	 In Fact: [([$stack2, file, <target.exercise2.FileClosedAliasing: target.exercise2.File staticFile>, $stack3], Close)]
	    Stmt: return
	Out Fact: [([$stack2, file, <target.exercise2.FileClosedAliasing: target.exercise2.File staticFile>, $stack3], Close)]

]]></system-out>
  </testcase>
  <testcase name="testFileNotClosed" classname="exercises.Exercise2Test" time="2.598">
    <system-out><![CDATA[Method: <target.exercise2.FileNotClosed: void <init>()>
	 In Fact: []
	    Stmt: this := @this: target.exercise2.FileNotClosed
	Out Fact: []

	 In Fact: []
	    Stmt: specialinvoke this.<java.lang.Object: void <init>()>()
	Out Fact: []

	 In Fact: []
	    Stmt: return
	Out Fact: []

Method: <target.exercise2.FileNotClosed: void test1()>
	 In Fact: []
	    Stmt: this := @this: target.exercise2.FileNotClosed
	Out Fact: []

	 In Fact: []
	    Stmt: $stack2 = new target.exercise2.File
	Out Fact: []

	 In Fact: []
	    Stmt: specialinvoke $stack2.<target.exercise2.File: void <init>()>()
	Out Fact: [([$stack2], Init)]

	 In Fact: [([$stack2], Init)]
	    Stmt: virtualinvoke $stack2.<target.exercise2.File: void open()>()
	Out Fact: [([$stack2], Open)]

	 In Fact: [([$stack2], Open)]
	    Stmt: return
	Out Fact: [([$stack2], Open)]

Method: <target.exercise2.FileNotClosed: void test2()>
	 In Fact: []
	    Stmt: this := @this: target.exercise2.FileNotClosed
	Out Fact: []

	 In Fact: []
	    Stmt: $stack2 = new target.exercise2.File
	Out Fact: []

	 In Fact: []
	    Stmt: specialinvoke $stack2.<target.exercise2.File: void <init>()>()
	Out Fact: [([$stack2], Init)]

	 In Fact: [([$stack2], Init)]
	    Stmt: virtualinvoke $stack2.<target.exercise2.File: void open()>()
	Out Fact: [([$stack2], Open)]

	 In Fact: [([$stack2], Open)]
	    Stmt: $stack3 = new target.exercise2.File
	Out Fact: [([$stack2], Open)]

	 In Fact: [([$stack2], Open)]
	    Stmt: specialinvoke $stack3.<target.exercise2.File: void <init>()>()
	Out Fact: [([$stack3], Init), ([$stack2], Open)]

	 In Fact: [([$stack3], Init), ([$stack2], Open)]
	    Stmt: virtualinvoke $stack3.<target.exercise2.File: void close()>()
	Out Fact: [([$stack3], Close), ([$stack2], Open)]

	 In Fact: [([$stack3], Close), ([$stack2], Open)]
	    Stmt: return
	Out Fact: [([$stack3], Close), ([$stack2], Open)]

Method: <target.exercise2.FileNotClosed: void test3()>
	 In Fact: []
	    Stmt: this := @this: target.exercise2.FileNotClosed
	Out Fact: []

	 In Fact: []
	    Stmt: $stack2 = new target.exercise2.File
	Out Fact: []

	 In Fact: []
	    Stmt: specialinvoke $stack2.<target.exercise2.File: void <init>()>()
	Out Fact: [([$stack2], Init)]

	 In Fact: [([$stack2], Init)]
	    Stmt: virtualinvoke $stack2.<target.exercise2.File: void open()>()
	Out Fact: [([$stack2], Open)]

	 In Fact: [([$stack2], Open)]
	    Stmt: virtualinvoke $stack2.<target.exercise2.File: void close()>()
	Out Fact: [([$stack2], Close)]

	 In Fact: [([$stack2], Close)]
	    Stmt: virtualinvoke $stack2.<target.exercise2.File: void open()>()
	Out Fact: [([$stack2], Open)]

	 In Fact: [([$stack2], Open)]
	    Stmt: return
	Out Fact: [([$stack2], Open)]

]]></system-out>
    <system-err><![CDATA[Vulnerability found in method <target.exercise2.FileNotClosed: void test1()> at return
Vulnerability found in method <target.exercise2.FileNotClosed: void test2()> at return
Vulnerability found in method <target.exercise2.FileNotClosed: void test3()> at return
]]></system-err>
  </testcase>
</testsuite>